# JRE version: Java(TM) SE Runtime Environment (8.0_25-b18) (build 1.8.0_25-b18)
# Java VM: Java HotSpot(TM) 64-Bit Server VM (25.25-b02 mixed mode windows-amd64 compressed oops)
Heap:
 PSYoungGen      total 163840K, used 83533K [0x00000000f5580000, 0x0000000100000000, 0x0000000100000000)
  eden space 153088K, 47% used [0x00000000f5580000,0x00000000f9c9aab8,0x00000000feb00000)
  from space 10752K, 99% used [0x00000000feb00000,0x00000000ff578ce8,0x00000000ff580000)
  to   space 10752K, 0% used [0x00000000ff580000,0x00000000ff580000,0x0000000100000000)
 ParOldGen       total 175104K, used 23972K [0x00000000e0000000, 0x00000000eab00000, 0x00000000f5580000)
  object space 175104K, 13% used [0x00000000e0000000,0x00000000e1769290,0x00000000eab00000)
 Metaspace       used 20218K, capacity 20582K, committed 20864K, reserved 1067008K
  class space    used 2259K, capacity 2387K, committed 2432K, reserved 1048576K
GC Heap History (10 events):
Event: 0.845 GC heap before
{Heap before GC invocations=1 (full 0):
 PSYoungGen      total 76288K, used 65536K [0x00000000f5580000, 0x00000000faa80000, 0x0000000100000000)
  eden space 65536K, 100% used [0x00000000f5580000,0x00000000f9580000,0x00000000f9580000)
  from space 10752K, 0% used [0x00000000fa000000,0x00000000fa000000,0x00000000faa80000)
  to   space 10752K, 0% used [0x00000000f9580000,0x00000000f9580000,0x00000000fa000000)
 ParOldGen       total 175104K, used 0K [0x00000000e0000000, 0x00000000eab00000, 0x00000000f5580000)
  object space 175104K, 0% used [0x00000000e0000000,0x00000000e0000000,0x00000000eab00000)
 Metaspace       used 12794K, capacity 13034K, committed 13312K, reserved 1060864K
  class space    used 1397K, capacity 1493K, committed 1536K, reserved 1048576K
Event: 0.856 GC heap after
Heap after GC invocations=1 (full 0):
 PSYoungGen      total 76288K, used 10383K [0x00000000f5580000, 0x00000000fea80000, 0x0000000100000000)
  eden space 65536K, 0% used [0x00000000f5580000,0x00000000f5580000,0x00000000f9580000)
  from space 10752K, 96% used [0x00000000f9580000,0x00000000f9fa3cb8,0x00000000fa000000)
  to   space 10752K, 0% used [0x00000000fe000000,0x00000000fe000000,0x00000000fea80000)
 ParOldGen       total 175104K, used 80K [0x00000000e0000000, 0x00000000eab00000, 0x00000000f5580000)
  object space 175104K, 0% used [0x00000000e0000000,0x00000000e0014010,0x00000000eab00000)
 Metaspace       used 12794K, capacity 13034K, committed 13312K, reserved 1060864K
  class space    used 1397K, capacity 1493K, committed 1536K, reserved 1048576K
}
Event: 1.049 GC heap before
{Heap before GC invocations=2 (full 0):
 PSYoungGen      total 76288K, used 75919K [0x00000000f5580000, 0x00000000fea80000, 0x0000000100000000)
  eden space 65536K, 100% used [0x00000000f5580000,0x00000000f9580000,0x00000000f9580000)
  from space 10752K, 96% used [0x00000000f9580000,0x00000000f9fa3cb8,0x00000000fa000000)
  to   space 10752K, 0% used [0x00000000fe000000,0x00000000fe000000,0x00000000fea80000)
 ParOldGen       total 175104K, used 80K [0x00000000e0000000, 0x00000000eab00000, 0x00000000f5580000)
  object space 175104K, 0% used [0x00000000e0000000,0x00000000e0014010,0x00000000eab00000)
 Metaspace       used 12948K, capacity 13194K, committed 13312K, reserved 1060864K
  class space    used 1404K, capacity 1525K, committed 1536K, reserved 1048576K
Event: 1.069 GC heap after
Heap after GC invocations=2 (full 0):
 PSYoungGen      total 141824K, used 10735K [0x00000000f5580000, 0x00000000fea80000, 0x0000000100000000)
  eden space 131072K, 0% used [0x00000000f5580000,0x00000000f5580000,0x00000000fd580000)
  from space 10752K, 99% used [0x00000000fe000000,0x00000000fea7bf40,0x00000000fea80000)
  to   space 10752K, 0% used [0x00000000fd580000,0x00000000fd580000,0x00000000fe000000)
 ParOldGen       total 175104K, used 6221K [0x00000000e0000000, 0x00000000eab00000, 0x00000000f5580000)
  object space 175104K, 3% used [0x00000000e0000000,0x00000000e0613658,0x00000000eab00000)
 Metaspace       used 12948K, capacity 13194K, committed 13312K, reserved 1060864K
  class space    used 1404K, capacity 1525K, committed 1536K, reserved 1048576K
}
Event: 2.682 GC heap before
{Heap before GC invocations=3 (full 0):
 PSYoungGen      total 141824K, used 141807K [0x00000000f5580000, 0x00000000fea80000, 0x0000000100000000)
  eden space 131072K, 100% used [0x00000000f5580000,0x00000000fd580000,0x00000000fd580000)
  from space 10752K, 99% used [0x00000000fe000000,0x00000000fea7bf40,0x00000000fea80000)
  to   space 10752K, 0% used [0x00000000fd580000,0x00000000fd580000,0x00000000fe000000)
 ParOldGen       total 175104K, used 6221K [0x00000000e0000000, 0x00000000eab00000, 0x00000000f5580000)
  object space 175104K, 3% used [0x00000000e0000000,0x00000000e0613658,0x00000000eab00000)
 Metaspace       used 16264K, capacity 16562K, committed 16896K, reserved 1064960K
  class space    used 1840K, capacity 1957K, committed 2048K, reserved 1048576K
Event: 2.693 GC heap after
Heap after GC invocations=3 (full 0):
 PSYoungGen      total 141824K, used 10732K [0x00000000f5580000, 0x0000000100000000, 0x0000000100000000)
  eden space 131072K, 0% used [0x00000000f5580000,0x00000000f5580000,0x00000000fd580000)
  from space 10752K, 99% used [0x00000000fd580000,0x00000000fdffb228,0x00000000fe000000)
  to   space 10752K, 0% used [0x00000000ff580000,0x00000000ff580000,0x0000000100000000)
 ParOldGen       total 175104K, used 16562K [0x00000000e0000000, 0x00000000eab00000, 0x00000000f5580000)
  object space 175104K, 9% used [0x00000000e0000000,0x00000000e102cb70,0x00000000eab00000)
 Metaspace       used 16264K, capacity 16562K, committed 16896K, reserved 1064960K
  class space    used 1840K, capacity 1957K, committed 2048K, reserved 1048576K
}
Event: 1684.724 GC heap before
{Heap before GC invocations=4 (full 0):
 PSYoungGen      total 141824K, used 141804K [0x00000000f5580000, 0x0000000100000000, 0x0000000100000000)
  eden space 131072K, 100% used [0x00000000f5580000,0x00000000fd580000,0x00000000fd580000)
  from space 10752K, 99% used [0x00000000fd580000,0x00000000fdffb228,0x00000000fe000000)
  to   space 10752K, 0% used [0x00000000ff580000,0x00000000ff580000,0x0000000100000000)
 ParOldGen       total 175104K, used 16562K [0x00000000e0000000, 0x00000000eab00000, 0x00000000f5580000)
  object space 175104K, 9% used [0x00000000e0000000,0x00000000e102cb70,0x00000000eab00000)
 Metaspace       used 19894K, capacity 20314K, committed 20608K, reserved 1067008K
  class space    used 2242K, capacity 2385K, committed 2432K, reserved 1048576K
Event: 1684.735 GC heap after
Heap after GC invocations=4 (full 0):
 PSYoungGen      total 163840K, used 10734K [0x00000000f5580000, 0x0000000100000000, 0x0000000100000000)
  eden space 153088K, 0% used [0x00000000f5580000,0x00000000f5580000,0x00000000feb00000)
  from space 10752K, 99% used [0x00000000ff580000,0x00000000ffffba60,0x0000000100000000)
  to   space 10752K, 0% used [0x00000000feb00000,0x00000000feb00000,0x00000000ff580000)
 ParOldGen       total 175104K, used 23860K [0x00000000e0000000, 0x00000000eab00000, 0x00000000f5580000)
  object space 175104K, 13% used [0x00000000e0000000,0x00000000e174d280,0x00000000eab00000)
 Metaspace       used 19894K, capacity 20314K, committed 20608K, reserved 1067008K
  class space    used 2242K, capacity 2385K, committed 2432K, reserved 1048576K
}
Event: 6039.999 GC heap before
{Heap before GC invocations=5 (full 0):
 PSYoungGen      total 163840K, used 163822K [0x00000000f5580000, 0x0000000100000000, 0x0000000100000000)
  eden space 153088K, 100% used [0x00000000f5580000,0x00000000feb00000,0x00000000feb00000)
  from space 10752K, 99% used [0x00000000ff580000,0x00000000ffffba60,0x0000000100000000)
  to   space 10752K, 0% used [0x00000000feb00000,0x00000000feb00000,0x00000000ff580000)
 ParOldGen       total 175104K, used 23860K [0x00000000e0000000, 0x00000000eab00000, 0x00000000f5580000)
  object space 175104K, 13% used [0x00000000e0000000,0x00000000e174d280,0x00000000eab00000)
 Metaspace       used 20040K, capacity 20378K, committed 20608K, reserved 1067008K
  class space    used 2242K, capacity 2385K, committed 2432K, reserved 1048576K
Event: 6040.013 GC heap after
Heap after GC invocations=5 (full 0):
 PSYoungGen      total 163840K, used 10723K [0x00000000f5580000, 0x0000000100000000, 0x0000000100000000)
  eden space 153088K, 0% used [0x00000000f5580000,0x00000000f5580000,0x00000000feb00000)
  from space 10752K, 99% used [0x00000000feb00000,0x00000000ff578ce8,0x00000000ff580000)
  to   space 10752K, 0% used [0x00000000ff580000,0x00000000ff580000,0x0000000100000000)
 ParOldGen       total 175104K, used 23972K [0x00000000e0000000, 0x00000000eab00000, 0x00000000f5580000)
  object space 175104K, 13% used [0x00000000e0000000,0x00000000e1769290,0x00000000eab00000)
 Metaspace       used 20040K, capacity 20378K, committed 20608K, reserved 1067008K
  class space    used 2242K, capacity 2385K, committed 2432K, reserved 1048576K
}

